# JRE version: Java(TM) SE Runtime Environment (8.0_202-b08) (build 1.8.0_202-b08)
# Java VM: Java HotSpot(TM) 64-Bit Server VM (25.202-b08 mixed mode bsd-amd64 compressed oops)
Heap:
 par new generation   total 78720K, used 2281K [0x00000007a8000000, 0x00000007ad560000, 0x00000007b0000000)
  eden space 70016K,   3% used [0x00000007a8000000, 0x00000007a823a530, 0x00000007ac460000)
  from space 8704K,   0% used [0x00000007ac460000, 0x00000007ac460000, 0x00000007acce0000)
  to   space 8704K,   0% used [0x00000007acce0000, 0x00000007acce0000, 0x00000007ad560000)
 concurrent mark-sweep generation total 174784K, used 3254K [0x00000007b0000000, 0x00000007baab0000, 0x00000007c0000000)
 Metaspace       used 16749K, capacity 17158K, committed 17536K, reserved 1064960K
  class space    used 2167K, capacity 2309K, committed 2432K, reserved 1048576K
GC Heap History (10 events):
Event: 20.253 GC heap before
{Heap before GC invocations=2 (full 0):
 par new generation   total 78656K, used 78587K [0x00000007a8000000, 0x00000007ad550000, 0x00000007b0000000)
  eden space 69952K, 100% used [0x00000007a8000000, 0x00000007ac450000, 0x00000007ac450000)
  from space 8704K,  99% used [0x00000007ac450000, 0x00000007accbef50, 0x00000007accd0000)
  to   space 8704K,   0% used [0x00000007accd0000, 0x00000007accd0000, 0x00000007ad550000)
 concurrent mark-sweep generation total 174784K, used 2844K [0x00000007b0000000, 0x00000007baab0000, 0x00000007c0000000)
 Metaspace       used 16821K, capacity 17288K, committed 17408K, reserved 1064960K
  class space    used 2170K, capacity 2291K, committed 2304K, reserved 1048576K
Event: 20.259 GC heap after
Heap after GC invocations=3 (full 0):
 par new generation   total 78656K, used 3871K [0x00000007a8000000, 0x00000007ad550000, 0x00000007b0000000)
  eden space 69952K,   0% used [0x00000007a8000000, 0x00000007a8000000, 0x00000007ac450000)
  from space 8704K,  44% used [0x00000007accd0000, 0x00000007ad097c00, 0x00000007ad550000)
  to   space 8704K,   0% used [0x00000007ac450000, 0x00000007ac450000, 0x00000007accd0000)
 concurrent mark-sweep generation total 174784K, used 9209K [0x00000007b0000000, 0x00000007baab0000, 0x00000007c0000000)
 Metaspace       used 16821K, capacity 17288K, committed 17408K, reserved 1064960K
  class space    used 2170K, capacity 2291K, committed 2304K, reserved 1048576K
}
Event: 20.388 GC heap before
{Heap before GC invocations=3 (full 0):
 par new generation   total 78656K, used 73823K [0x00000007a8000000, 0x00000007ad550000, 0x00000007b0000000)
  eden space 69952K, 100% used [0x00000007a8000000, 0x00000007ac450000, 0x00000007ac450000)
  from space 8704K,  44% used [0x00000007accd0000, 0x00000007ad097c00, 0x00000007ad550000)
  to   space 8704K,   0% used [0x00000007ac450000, 0x00000007ac450000, 0x00000007accd0000)
 concurrent mark-sweep generation total 174784K, used 9209K [0x00000007b0000000, 0x00000007baab0000, 0x00000007c0000000)
 Metaspace       used 16826K, capacity 17288K, committed 17408K, reserved 1064960K
  class space    used 2170K, capacity 2291K, committed 2304K, reserved 1048576K
Event: 20.390 GC heap after
Heap after GC invocations=4 (full 0):
 par new generation   total 78656K, used 694K [0x00000007a8000000, 0x00000007ad550000, 0x00000007b0000000)
  eden space 69952K,   0% used [0x00000007a8000000, 0x00000007a8000000, 0x00000007ac450000)
  from space 8704K,   7% used [0x00000007ac450000, 0x00000007ac4fdb10, 0x00000007accd0000)
  to   space 8704K,   0% used [0x00000007accd0000, 0x00000007accd0000, 0x00000007ad550000)
 concurrent mark-sweep generation total 174784K, used 9209K [0x00000007b0000000, 0x00000007baab0000, 0x00000007c0000000)
 Metaspace       used 16826K, capacity 17288K, committed 17408K, reserved 1064960K
  class space    used 2170K, capacity 2291K, committed 2304K, reserved 1048576K
}
Event: 20.691 GC heap before
{Heap before GC invocations=4 (full 0):
 par new generation   total 78656K, used 70646K [0x00000007a8000000, 0x00000007ad550000, 0x00000007b0000000)
  eden space 69952K, 100% used [0x00000007a8000000, 0x00000007ac450000, 0x00000007ac450000)
  from space 8704K,   7% used [0x00000007ac450000, 0x00000007ac4fdb10, 0x00000007accd0000)
  to   space 8704K,   0% used [0x00000007accd0000, 0x00000007accd0000, 0x00000007ad550000)
 concurrent mark-sweep generation total 174784K, used 9209K [0x00000007b0000000, 0x00000007baab0000, 0x00000007c0000000)
 Metaspace       used 16836K, capacity 17288K, committed 17408K, reserved 1064960K
  class space    used 2172K, capacity 2291K, committed 2304K, reserved 1048576K
Event: 20.695 GC heap after
Heap after GC invocations=5 (full 0):
 par new generation   total 78656K, used 212K [0x00000007a8000000, 0x00000007ad550000, 0x00000007b0000000)
  eden space 69952K,   0% used [0x00000007a8000000, 0x00000007a8000000, 0x00000007ac450000)
  from space 8704K,   2% used [0x00000007accd0000, 0x00000007acd052b0, 0x00000007ad550000)
  to   space 8704K,   0% used [0x00000007ac450000, 0x00000007ac450000, 0x00000007accd0000)
 concurrent mark-sweep generation total 174784K, used 9209K [0x00000007b0000000, 0x00000007baab0000, 0x00000007c0000000)
 Metaspace       used 16836K, capacity 17288K, committed 17408K, reserved 1064960K
  class space    used 2172K, capacity 2291K, committed 2304K, reserved 1048576K
}
Event: 2111.881 GC heap before
{Heap before GC invocations=5 (full 0):
 par new generation   total 78656K, used 2581K [0x00000007a8000000, 0x00000007ad550000, 0x00000007b0000000)
  eden space 69952K,   3% used [0x00000007a8000000, 0x00000007a82502e0, 0x00000007ac450000)
  from space 8704K,   2% used [0x00000007accd0000, 0x00000007acd052b0, 0x00000007ad550000)
  to   space 8704K,   0% used [0x00000007ac450000, 0x00000007ac450000, 0x00000007accd0000)
 concurrent mark-sweep generation total 174784K, used 9209K [0x00000007b0000000, 0x00000007baab0000, 0x00000007c0000000)
 Metaspace       used 16847K, capacity 17320K, committed 17536K, reserved 1064960K
  class space    used 2175K, capacity 2323K, committed 2432K, reserved 1048576K
Event: 2111.918 GC heap after
Heap after GC invocations=6 (full 1):
 par new generation   total 78720K, used 0K [0x00000007a8000000, 0x00000007ad560000, 0x00000007b0000000)
  eden space 70016K,   0% used [0x00000007a8000000, 0x00000007a8000000, 0x00000007ac460000)
  from space 8704K,   0% used [0x00000007ac460000, 0x00000007ac460000, 0x00000007acce0000)
  to   space 8704K,   0% used [0x00000007acce0000, 0x00000007acce0000, 0x00000007ad560000)
 concurrent mark-sweep generation total 174784K, used 8543K [0x00000007b0000000, 0x00000007baab0000, 0x00000007c0000000)
 Metaspace       used 16762K, capacity 17182K, committed 17536K, reserved 1064960K
  class space    used 2170K, capacity 2317K, committed 2432K, reserved 1048576K
}
Event: 2111.918 GC heap before
{Heap before GC invocations=6 (full 1):
 par new generation   total 78720K, used 466K [0x00000007a8000000, 0x00000007ad560000, 0x00000007b0000000)
  eden space 70016K,   0% used [0x00000007a8000000, 0x00000007a8074b10, 0x00000007ac460000)
  from space 8704K,   0% used [0x00000007ac460000, 0x00000007ac460000, 0x00000007acce0000)
  to   space 8704K,   0% used [0x00000007acce0000, 0x00000007acce0000, 0x00000007ad560000)
 concurrent mark-sweep generation total 174784K, used 8543K [0x00000007b0000000, 0x00000007baab0000, 0x00000007c0000000)
 Metaspace       used 16762K, capacity 17182K, committed 17536K, reserved 1064960K
  class space    used 2170K, capacity 2317K, committed 2432K, reserved 1048576K
Event: 2111.943 GC heap after
Heap after GC invocations=7 (full 2):
 par new generation   total 78720K, used 0K [0x00000007a8000000, 0x00000007ad560000, 0x00000007b0000000)
  eden space 70016K,   0% used [0x00000007a8000000, 0x00000007a8000000, 0x00000007ac460000)
  from space 8704K,   0% used [0x00000007ac460000, 0x00000007ac460000, 0x00000007acce0000)
  to   space 8704K,   0% used [0x00000007acce0000, 0x00000007acce0000, 0x00000007ad560000)
 concurrent mark-sweep generation total 174784K, used 3254K [0x00000007b0000000, 0x00000007baab0000, 0x00000007c0000000)
 Metaspace       used 16748K, capacity 17158K, committed 17536K, reserved 1064960K
  class space    used 2166K, capacity 2309K, committed 2432K, reserved 1048576K
}

